@!@!@STARTMSG 2262:0 @!@!@
TLC2 Version 2.16 of 31 December 2020 (rev: cdddf55)
@!@!@ENDMSG 2262 @!@!@
@!@!@STARTMSG 2187:0 @!@!@
Running breadth-first search Model-Checking with fp 26 and seed 2067883359172177875 with 6 workers on 12 cores with 1188MB heap and 2669MB offheap memory [pid: 46792] (Windows 10 10.0 amd64, AdoptOpenJDK 14.0.1 x86_64, OffHeapDiskFPSet, DiskStateQueue).
@!@!@ENDMSG 2187 @!@!@
@!@!@STARTMSG 2220:0 @!@!@
Starting SANY...
@!@!@ENDMSG 2220 @!@!@
Parsing file C:\Users\linshizhi\Desktop\Specs\Wire.toolbox\Model_1\MC.tla
Parsing file C:\Users\linshizhi\Desktop\Specs\Wire.toolbox\Model_1\Wire.tla
Parsing file C:\Users\linshizhi\Downloads\toolbox\plugins\org.lamport.tlatools_1.0.0.202012311918\tla2sany\StandardModules\TLC.tla
Parsing file C:\Users\linshizhi\Downloads\toolbox\plugins\org.lamport.tlatools_1.0.0.202012311918\tla2sany\StandardModules\Integers.tla
Parsing file C:\Users\linshizhi\Downloads\toolbox\plugins\org.lamport.tlatools_1.0.0.202012311918\tla2sany\StandardModules\Naturals.tla
Parsing file C:\Users\linshizhi\Downloads\toolbox\plugins\org.lamport.tlatools_1.0.0.202012311918\tla2sany\StandardModules\Sequences.tla
Parsing file C:\Users\linshizhi\Downloads\toolbox\plugins\org.lamport.tlatools_1.0.0.202012311918\tla2sany\StandardModules\FiniteSets.tla
Semantic processing of module Naturals
Semantic processing of module Integers
Semantic processing of module Wire
Semantic processing of module Sequences
Semantic processing of module FiniteSets
Semantic processing of module TLC
Semantic processing of module MC
@!@!@STARTMSG 2219:0 @!@!@
SANY finished.
@!@!@ENDMSG 2219 @!@!@
@!@!@STARTMSG 2185:0 @!@!@
Starting... (2023-09-13 16:17:43)
@!@!@ENDMSG 2185 @!@!@
@!@!@STARTMSG 2212:0 @!@!@
Implied-temporal checking--satisfiability problem has 1 branches.
@!@!@ENDMSG 2212 @!@!@
<<"$!@$!@$!@$!@$!", 3>>
@!@!@STARTMSG 2189:0 @!@!@
Computing initial states...
@!@!@ENDMSG 2189 @!@!@
@!@!@STARTMSG 2269:0 @!@!@
Computed 2 initial states...
@!@!@ENDMSG 2269 @!@!@
@!@!@STARTMSG 2269:0 @!@!@
Computed 4 initial states...
@!@!@ENDMSG 2269 @!@!@
@!@!@STARTMSG 2269:0 @!@!@
Computed 8 initial states...
@!@!@ENDMSG 2269 @!@!@
@!@!@STARTMSG 2269:0 @!@!@
Computed 16 initial states...
@!@!@ENDMSG 2269 @!@!@
@!@!@STARTMSG 2269:0 @!@!@
Computed 32 initial states...
@!@!@ENDMSG 2269 @!@!@
@!@!@STARTMSG 2269:0 @!@!@
Computed 64 initial states...
@!@!@ENDMSG 2269 @!@!@
@!@!@STARTMSG 2190:0 @!@!@
Finished computing initial states: 125 distinct states generated at 2023-09-13 16:17:43.
@!@!@ENDMSG 2190 @!@!@
@!@!@STARTMSG 2200:0 @!@!@
Progress(7) at 2023-09-13 16:17:43: 5,857 states generated, 3,137 distinct states found, 0 states left on queue.
@!@!@ENDMSG 2200 @!@!@
@!@!@STARTMSG 2192:0 @!@!@
Checking temporal properties for the complete state space with 3137 total distinct states at (2023-09-13 16:17:43)
@!@!@ENDMSG 2192 @!@!@
@!@!@STARTMSG 2116:1 @!@!@
Temporal properties were violated.

@!@!@ENDMSG 2116 @!@!@
@!@!@STARTMSG 2264:1 @!@!@
The following behavior constitutes a counter-example:

@!@!@ENDMSG 2264 @!@!@
@!@!@STARTMSG 2217:4 @!@!@
1: <Initial predicate>
/\ people = {"alice", "bob"}
/\ sender = <<"alice", "alice", "alice">>
/\ receiver = <<"bob", "bob", "bob">>
/\ acc = [alice |-> 5, bob |-> 5]
/\ amount = <<1, 1, 1>>
/\ pc = <<"CheckAndWithdraw", "CheckAndWithdraw", "CheckAndWithdraw">>

@!@!@ENDMSG 2217 @!@!@
@!@!@STARTMSG 2217:4 @!@!@
2: <CheckAndWithdraw line 52, col 27 to line 58, col 77 of module Wire>
/\ people = {"alice", "bob"}
/\ sender = <<"alice", "alice", "alice">>
/\ receiver = <<"bob", "bob", "bob">>
/\ acc = [alice |-> 4, bob |-> 5]
/\ amount = <<1, 1, 1>>
/\ pc = <<"CheckAndWithdraw", "CheckAndWithdraw", "Deposit">>

@!@!@ENDMSG 2217 @!@!@
@!@!@STARTMSG 2217:4 @!@!@
3: <CheckAndWithdraw line 52, col 27 to line 58, col 77 of module Wire>
/\ people = {"alice", "bob"}
/\ sender = <<"alice", "alice", "alice">>
/\ receiver = <<"bob", "bob", "bob">>
/\ acc = [alice |-> 3, bob |-> 5]
/\ amount = <<1, 1, 1>>
/\ pc = <<"CheckAndWithdraw", "Deposit", "Deposit">>

@!@!@ENDMSG 2217 @!@!@
@!@!@STARTMSG 2217:4 @!@!@
4: <Deposit line 60, col 18 to line 63, col 68 of module Wire>
/\ people = {"alice", "bob"}
/\ sender = <<"alice", "alice", "alice">>
/\ receiver = <<"bob", "bob", "bob">>
/\ acc = [alice |-> 3, bob |-> 6]
/\ amount = <<1, 1, 1>>
/\ pc = <<"CheckAndWithdraw", "Done", "Deposit">>

@!@!@ENDMSG 2217 @!@!@
@!@!@STARTMSG 2217:4 @!@!@
5: <CheckAndWithdraw line 52, col 27 to line 58, col 77 of module Wire>
/\ people = {"alice", "bob"}
/\ sender = <<"alice", "alice", "alice">>
/\ receiver = <<"bob", "bob", "bob">>
/\ acc = [alice |-> 2, bob |-> 6]
/\ amount = <<1, 1, 1>>
/\ pc = <<"Deposit", "Done", "Deposit">>

@!@!@ENDMSG 2217 @!@!@
@!@!@STARTMSG 2217:4 @!@!@
6: <Deposit line 60, col 18 to line 63, col 68 of module Wire>
/\ people = {"alice", "bob"}
/\ sender = <<"alice", "alice", "alice">>
/\ receiver = <<"bob", "bob", "bob">>
/\ acc = [alice |-> 2, bob |-> 7]
/\ amount = <<1, 1, 1>>
/\ pc = <<"Done", "Done", "Deposit">>

@!@!@ENDMSG 2217 @!@!@
@!@!@STARTMSG 2218:4 @!@!@
7: Stuttering
@!@!@ENDMSG 2218 @!@!@
@!@!@STARTMSG 2267:0 @!@!@
Finished checking temporal properties in 00s at 2023-09-13 16:17:43
@!@!@ENDMSG 2267 @!@!@
@!@!@STARTMSG 2201:0 @!@!@
The coverage statistics at 2023-09-13 16:17:43
@!@!@ENDMSG 2201 @!@!@
@!@!@STARTMSG 2773:0 @!@!@
<Init line 43, col 1 to line 43, col 4 of module Wire>: 250:250
@!@!@ENDMSG 2773 @!@!@
@!@!@STARTMSG 2221:0 @!@!@
  line 44, col 12 to line 44, col 36 of module Wire: 2
@!@!@ENDMSG 2221 @!@!@
@!@!@STARTMSG 2221:0 @!@!@
  line 45, col 12 to line 45, col 37 of module Wire: 2
@!@!@ENDMSG 2221 @!@!@
@!@!@STARTMSG 2221:0 @!@!@
  line 47, col 12 to line 47, col 47 of module Wire: 2
@!@!@ENDMSG 2221 @!@!@
@!@!@STARTMSG 2221:0 @!@!@
  line 48, col 12 to line 48, col 47 of module Wire: 2
@!@!@ENDMSG 2221 @!@!@
@!@!@STARTMSG 2221:0 @!@!@
  line 49, col 12 to line 49, col 76 of module Wire: 2
@!@!@ENDMSG 2221 @!@!@
@!@!@STARTMSG 2221:0 @!@!@
  line 50, col 12 to line 50, col 57 of module Wire: 250
@!@!@ENDMSG 2221 @!@!@
@!@!@STARTMSG 2772:0 @!@!@
<CheckAndWithdraw line 52, col 1 to line 52, col 22 of module Wire>: 1968:3337
@!@!@ENDMSG 2772 @!@!@
@!@!@STARTMSG 2221:0 @!@!@
  line 52, col 30 to line 52, col 58 of module Wire: 12757
@!@!@ENDMSG 2221 @!@!@
@!@!@STARTMSG 2221:0 @!@!@
  |line 52, col 30 to line 52, col 37 of module Wire: 9420
@!@!@ENDMSG 2221 @!@!@
@!@!@STARTMSG 2221:0 @!@!@
  line 53, col 33 to line 53, col 65 of module Wire: 3337
@!@!@ENDMSG 2221 @!@!@
@!@!@STARTMSG 2221:0 @!@!@
  line 54, col 38 to line 55, col 77 of module Wire: 1333
@!@!@ENDMSG 2221 @!@!@
@!@!@STARTMSG 2221:0 @!@!@
  line 56, col 38 to line 57, col 50 of module Wire: 2004
@!@!@ENDMSG 2221 @!@!@
@!@!@STARTMSG 2221:0 @!@!@
  line 58, col 30 to line 58, col 77 of module Wire: 3337
@!@!@ENDMSG 2221 @!@!@
@!@!@STARTMSG 2772:0 @!@!@
<Deposit line 60, col 1 to line 60, col 13 of module Wire>: 1044:2174
@!@!@ENDMSG 2772 @!@!@
@!@!@STARTMSG 2221:0 @!@!@
  line 60, col 21 to line 60, col 40 of module Wire: 11591
@!@!@ENDMSG 2221 @!@!@
@!@!@STARTMSG 2221:0 @!@!@
  |line 60, col 21 to line 60, col 28 of module Wire: 9417
@!@!@ENDMSG 2221 @!@!@
@!@!@STARTMSG 2221:0 @!@!@
  line 61, col 21 to line 61, col 94 of module Wire: 2174
@!@!@ENDMSG 2221 @!@!@
@!@!@STARTMSG 2221:0 @!@!@
  line 62, col 21 to line 62, col 54 of module Wire: 2174
@!@!@ENDMSG 2221 @!@!@
@!@!@STARTMSG 2221:0 @!@!@
  line 63, col 21 to line 63, col 68 of module Wire: 2174
@!@!@ENDMSG 2221 @!@!@
@!@!@STARTMSG 2772:0 @!@!@
<Terminating line 68, col 1 to line 68, col 11 of module Wire>: 0:230
@!@!@ENDMSG 2772 @!@!@
@!@!@STARTMSG 2221:0 @!@!@
  line 68, col 40 to line 68, col 56 of module Wire: 5684
@!@!@ENDMSG 2221 @!@!@
@!@!@STARTMSG 2221:0 @!@!@
  |line 68, col 40 to line 68, col 47 of module Wire: 4994
@!@!@ENDMSG 2221 @!@!@
@!@!@STARTMSG 2221:0 @!@!@
  line 68, col 31 to line 68, col 37 of module Wire: 3137
@!@!@ENDMSG 2221 @!@!@
@!@!@STARTMSG 2221:0 @!@!@
  line 69, col 19 to line 69, col 32 of module Wire: 230
@!@!@ENDMSG 2221 @!@!@
@!@!@STARTMSG 2774:0 @!@!@
<NoOverdrafts line 34, col 1 to line 34, col 12 of module Wire>
@!@!@ENDMSG 2774 @!@!@
@!@!@STARTMSG 2221:0 @!@!@
  line 34, col 17 to line 34, col 44 of module Wire: 3137
@!@!@ENDMSG 2221 @!@!@
@!@!@STARTMSG 2221:0 @!@!@
  |line 34, col 34 to line 34, col 44 of module Wire: 6274
@!@!@ENDMSG 2221 @!@!@
@!@!@STARTMSG 2221:0 @!@!@
  |line 34, col 26 to line 34, col 31 of module Wire: 3137
@!@!@ENDMSG 2221 @!@!@
@!@!@STARTMSG 2202:0 @!@!@
End of statistics.
@!@!@ENDMSG 2202 @!@!@
@!@!@STARTMSG 2200:0 @!@!@
Progress(7) at 2023-09-13 16:17:43: 5,857 states generated (366,062 s/min), 3,137 distinct states found (196,062 ds/min), 0 states left on queue.
@!@!@ENDMSG 2200 @!@!@
@!@!@STARTMSG 2199:0 @!@!@
5857 states generated, 3137 distinct states found, 0 states left on queue.
@!@!@ENDMSG 2199 @!@!@
@!@!@STARTMSG 2186:0 @!@!@
Finished in 968ms at (2023-09-13 16:17:43)
@!@!@ENDMSG 2186 @!@!@
